<?xml version="1.0" encoding="UTF-8"?>
<!-- Generated by org.testng.reporters.JUnitReportReporter -->
<testsuite hostname="LIN-5LZGW93" failures="0" tests="6" name="Runner.ApolloTestNGRunner" time="0.312" errors="0" timestamp="2024-04-02T11:50:17 IST" skipped="0">
  <testcase classname="Runner.ApolloTestNGRunner" name="runScenario" time="0.010"/>
  <testcase classname="Runner.ApolloTestNGRunner" name="runScenario" time="0.264"/>
  <testcase classname="Runner.ApolloTestNGRunner" name="runScenario" time="0.008"/>
  <testcase classname="Runner.ApolloTestNGRunner" name="runScenario" time="0.013"/>
  <testcase classname="Runner.ApolloTestNGRunner" name="runScenario" time="0.009"/>
  <testcase classname="Runner.ApolloTestNGRunner" name="runScenario" time="0.008"/>
</testsuite> <!-- Runner.ApolloTestNGRunner -->
